<?xml version="1.0" encoding="UTF-8"?>
<testsuite name="com.mapbox.demo.GoogleMapsTests" tests="1" skipped="0" failures="0" errors="0" timestamp="2022-10-17T00:00:32" hostname="WINDOWS-V6AR6N9" time="10.422">
  <properties/>
  <testcase name="testAddition()" classname="com.mapbox.demo.GoogleMapsTests" time="10.422"/>
  <system-out><![CDATA[]]></system-out>
  <system-err><![CDATA[]]></system-err>
</testsuite>
