<?xml version="1.0" encoding="UTF-8"?>
<testsuite name="com.mapbox.demo.GoogleMapsTests" tests="1" skipped="0" failures="0" errors="0" timestamp="2022-10-17T04:40:25" hostname="WINDOWS-V6AR6N9" time="8.92">
  <properties/>
  <testcase name="GoogleMapsTest()" classname="com.mapbox.demo.GoogleMapsTests" time="8.92"/>
  <system-out><![CDATA[]]></system-out>
  <system-err><![CDATA[]]></system-err>
</testsuite>
